Mar 30, 2016 10:04:38 PM client.Client clientAccessRingORAM
INFO: Starting access for block ID-7
Mar 30, 2016 10:04:38 PM client.Client clientAccessRingORAM
INFO: Pinging Server
Mar 30, 2016 10:04:39 PM client.Client clientAccessRingORAM
INFO: Response from Server received
Mar 30, 2016 10:04:39 PM client.Client clientAccessRingORAM
INFO: Get PM entry
Mar 30, 2016 10:04:39 PM client.Client clientAccessRingORAM
INFO: Retrieved PM entry
Mar 30, 2016 10:04:39 PM client.Client clientAccessRingORAM
INFO: Get MetaData
Mar 30, 2016 10:04:39 PM client.Client clientAccessRingORAM
INFO: Retrieved MetaData
Mar 30, 2016 10:04:39 PM client.Client clientAccessRingORAM
INFO: Get Blocks and stash
Mar 30, 2016 10:04:39 PM client.Client clientAccessRingORAM
INFO: Blocks and stash Retrieved
Mar 30, 2016 10:04:39 PM client.Client clientAccessRingORAM
INFO: Required item found in Path/Stash
Mar 30, 2016 10:04:39 PM client.Client clientAccessRingORAM
INFO: Writing back block
Mar 30, 2016 10:04:39 PM client.Client clientAccessRingORAM
INFO: Get Result Log
Mar 30, 2016 10:04:39 PM client.Client clientAccessRingORAM
INFO: Result Log Retrieved
Mar 30, 2016 10:04:39 PM client.Client clientAccessRingORAM
INFO: Access Complete
Mar 30, 2016 10:04:39 PM client.Client clientAccessRingORAM
INFO: Starting access for block ID-1
Mar 30, 2016 10:04:39 PM client.Client clientAccessRingORAM
INFO: Pinging Server
Mar 30, 2016 10:04:39 PM client.Client clientAccessRingORAM
INFO: Response from Server received
Mar 30, 2016 10:04:39 PM client.Client clientAccessRingORAM
INFO: Get PM entry
Mar 30, 2016 10:04:39 PM client.Client clientAccessRingORAM
INFO: Retrieved PM entry
Mar 30, 2016 10:04:39 PM client.Client clientAccessRingORAM
INFO: Get MetaData
Mar 30, 2016 10:04:39 PM client.Client clientAccessRingORAM
INFO: Retrieved MetaData
Mar 30, 2016 10:04:39 PM client.Client clientAccessRingORAM
INFO: Get Blocks and stash
Mar 30, 2016 10:04:39 PM client.Client clientAccessRingORAM
INFO: Blocks and stash Retrieved
Mar 30, 2016 10:04:39 PM client.Client clientAccessRingORAM
INFO: Required item found in Path/Stash
Mar 30, 2016 10:04:39 PM client.Client clientAccessRingORAM
INFO: Writing back block
Mar 30, 2016 10:04:39 PM client.Client clientAccessRingORAM
INFO: Get Result Log
Mar 30, 2016 10:04:39 PM client.Client clientAccessRingORAM
INFO: Result Log Retrieved
Mar 30, 2016 10:04:39 PM client.Client clientAccessRingORAM
INFO: Access Complete
Mar 30, 2016 10:04:39 PM client.Client clientAccessRingORAM
INFO: Starting access for block ID-6
Mar 30, 2016 10:04:39 PM client.Client clientAccessRingORAM
INFO: Pinging Server
Mar 30, 2016 10:04:39 PM client.Client clientAccessRingORAM
INFO: Response from Server received
Mar 30, 2016 10:04:39 PM client.Client clientAccessRingORAM
INFO: Get PM entry
Mar 30, 2016 10:04:39 PM client.Client clientAccessRingORAM
INFO: Retrieved PM entry
Mar 30, 2016 10:04:39 PM client.Client clientAccessRingORAM
INFO: Get MetaData
Mar 30, 2016 10:04:39 PM client.Client clientAccessRingORAM
INFO: Retrieved MetaData
Mar 30, 2016 10:04:39 PM client.Client clientAccessRingORAM
INFO: Get Blocks and stash
Mar 30, 2016 10:04:40 PM client.Client clientAccessRingORAM
INFO: Blocks and stash Retrieved
Mar 30, 2016 10:04:40 PM client.Client clientAccessRingORAM
INFO: Required item found in Path/Stash
Mar 30, 2016 10:04:40 PM client.Client clientAccessRingORAM
INFO: Writing back block
Mar 30, 2016 10:04:40 PM client.Client clientAccessRingORAM
INFO: Get Result Log
Mar 30, 2016 10:04:40 PM client.Client clientAccessRingORAM
INFO: Result Log Retrieved
Mar 30, 2016 10:04:40 PM client.Client clientAccessRingORAM
INFO: Access Complete
Mar 30, 2016 10:04:40 PM client.Client clientAccessRingORAM
INFO: Starting access for block ID-0
Mar 30, 2016 10:04:40 PM client.Client clientAccessRingORAM
INFO: Pinging Server
Mar 30, 2016 10:04:40 PM client.Client clientAccessRingORAM
INFO: Response from Server received
Mar 30, 2016 10:04:40 PM client.Client clientAccessRingORAM
INFO: Get PM entry
Mar 30, 2016 10:04:40 PM client.Client clientAccessRingORAM
INFO: Retrieved PM entry
Mar 30, 2016 10:04:40 PM client.Client clientAccessRingORAM
INFO: Get MetaData
Mar 30, 2016 10:04:40 PM client.Client clientAccessRingORAM
INFO: Retrieved MetaData
Mar 30, 2016 10:04:40 PM client.Client clientAccessRingORAM
INFO: Get Blocks and stash
Mar 30, 2016 10:04:40 PM client.Client clientAccessRingORAM
INFO: Blocks and stash Retrieved
Mar 30, 2016 10:04:40 PM client.Client clientAccessRingORAM
INFO: Required item found in Path/Stash
Mar 30, 2016 10:04:40 PM client.Client clientAccessRingORAM
INFO: Writing back block
Mar 30, 2016 10:04:40 PM client.Client clientAccessRingORAM
INFO: Get Result Log
Mar 30, 2016 10:04:40 PM client.Client clientAccessRingORAM
INFO: Result Log Retrieved
Mar 30, 2016 10:04:40 PM client.Client clientAccessRingORAM
INFO: Eviction round
Mar 30, 2016 10:04:40 PM client.Client clientAccessRingORAM
INFO: Eviction Complete
Mar 30, 2016 10:04:40 PM client.Client clientAccessRingORAM
INFO: Access Complete
Mar 30, 2016 10:04:40 PM client.Client clientAccessRingORAM
INFO: Starting access for block ID-0
Mar 30, 2016 10:04:40 PM client.Client clientAccessRingORAM
INFO: Pinging Server
Mar 30, 2016 10:04:40 PM client.Client clientAccessRingORAM
INFO: Response from Server received
Mar 30, 2016 10:04:40 PM client.Client clientAccessRingORAM
INFO: Get PM entry
Mar 30, 2016 10:04:40 PM client.Client clientAccessRingORAM
INFO: Retrieved PM entry
Mar 30, 2016 10:04:40 PM client.Client clientAccessRingORAM
INFO: Get MetaData
Mar 30, 2016 10:04:40 PM client.Client clientAccessRingORAM
INFO: Retrieved MetaData
Mar 30, 2016 10:04:40 PM client.Client clientAccessRingORAM
INFO: Get Blocks and stash
Mar 30, 2016 10:04:41 PM client.Client clientAccessRingORAM
INFO: Blocks and stash Retrieved
Mar 30, 2016 10:04:41 PM client.Client clientAccessRingORAM
INFO: Required item found in Path/Stash
Mar 30, 2016 10:04:41 PM client.Client clientAccessRingORAM
INFO: Writing back block
Mar 30, 2016 10:04:41 PM client.Client clientAccessRingORAM
INFO: Get Result Log
Mar 30, 2016 10:04:41 PM client.Client clientAccessRingORAM
INFO: Result Log Retrieved
Mar 30, 2016 10:04:41 PM client.Client clientAccessRingORAM
INFO: Access Complete
Mar 30, 2016 10:04:41 PM client.Client clientAccessRingORAM
INFO: Starting access for block ID-0
Mar 30, 2016 10:04:41 PM client.Client clientAccessRingORAM
INFO: Pinging Server
Mar 30, 2016 10:04:41 PM client.Client clientAccessRingORAM
INFO: Response from Server received
Mar 30, 2016 10:04:41 PM client.Client clientAccessRingORAM
INFO: Get PM entry
Mar 30, 2016 10:04:41 PM client.Client clientAccessRingORAM
INFO: Retrieved PM entry
Mar 30, 2016 10:04:41 PM client.Client clientAccessRingORAM
INFO: Get MetaData
Mar 30, 2016 10:04:41 PM client.Client clientAccessRingORAM
INFO: Retrieved MetaData
Mar 30, 2016 10:04:41 PM client.Client clientAccessRingORAM
INFO: Get Blocks and stash
Mar 30, 2016 10:04:41 PM client.Client clientAccessRingORAM
INFO: Blocks and stash Retrieved
Mar 30, 2016 10:04:41 PM client.Client clientAccessRingORAM
INFO: Required item found in Path/Stash
Mar 30, 2016 10:04:41 PM client.Client clientAccessRingORAM
INFO: Writing back block
Mar 30, 2016 10:04:41 PM client.Client clientAccessRingORAM
INFO: Get Result Log
Mar 30, 2016 10:04:41 PM client.Client clientAccessRingORAM
INFO: Result Log Retrieved
Mar 30, 2016 10:04:41 PM client.Client clientAccessRingORAM
INFO: Access Complete
Mar 30, 2016 10:04:41 PM client.Client clientAccessRingORAM
INFO: Starting access for block ID-6
Mar 30, 2016 10:04:41 PM client.Client clientAccessRingORAM
INFO: Pinging Server
Mar 30, 2016 10:04:41 PM client.Client clientAccessRingORAM
INFO: Response from Server received
Mar 30, 2016 10:04:41 PM client.Client clientAccessRingORAM
INFO: Get PM entry
Mar 30, 2016 10:04:41 PM client.Client clientAccessRingORAM
INFO: Retrieved PM entry
Mar 30, 2016 10:04:41 PM client.Client clientAccessRingORAM
INFO: Get MetaData
Mar 30, 2016 10:04:41 PM client.Client clientAccessRingORAM
INFO: Retrieved MetaData
Mar 30, 2016 10:04:41 PM client.Client clientAccessRingORAM
INFO: Get Blocks and stash
Mar 30, 2016 10:04:41 PM client.Client clientAccessRingORAM
INFO: Blocks and stash Retrieved
Mar 30, 2016 10:04:41 PM client.Client clientAccessRingORAM
INFO: Required item found in Path/Stash
Mar 30, 2016 10:04:41 PM client.Client clientAccessRingORAM
INFO: Writing back block
Mar 30, 2016 10:04:41 PM client.Client clientAccessRingORAM
INFO: Get Result Log
Mar 30, 2016 10:04:41 PM client.Client clientAccessRingORAM
INFO: Result Log Retrieved
Mar 30, 2016 10:04:42 PM client.Client clientAccessRingORAM
INFO: Access Complete
Mar 30, 2016 10:04:42 PM client.Client clientAccessRingORAM
INFO: Starting access for block ID-4
Mar 30, 2016 10:04:42 PM client.Client clientAccessRingORAM
INFO: Pinging Server
Mar 30, 2016 10:04:42 PM client.Client clientAccessRingORAM
INFO: Response from Server received
Mar 30, 2016 10:04:42 PM client.Client clientAccessRingORAM
INFO: Get PM entry
Mar 30, 2016 10:04:42 PM client.Client clientAccessRingORAM
INFO: Retrieved PM entry
Mar 30, 2016 10:04:42 PM client.Client clientAccessRingORAM
INFO: Get MetaData
Mar 30, 2016 10:04:42 PM client.Client clientAccessRingORAM
INFO: Retrieved MetaData
Mar 30, 2016 10:04:42 PM client.Client clientAccessRingORAM
INFO: Get Blocks and stash
Mar 30, 2016 10:04:42 PM client.Client clientAccessRingORAM
INFO: Blocks and stash Retrieved
Mar 30, 2016 10:04:42 PM client.Client clientAccessRingORAM
INFO: Required item found in Path/Stash
Mar 30, 2016 10:04:42 PM client.Client clientAccessRingORAM
INFO: Writing back block
Mar 30, 2016 10:04:42 PM client.Client clientAccessRingORAM
INFO: Get Result Log
Mar 30, 2016 10:04:42 PM client.Client clientAccessRingORAM
INFO: Result Log Retrieved
Mar 30, 2016 10:04:42 PM client.Client clientAccessRingORAM
INFO: Eviction round
Mar 30, 2016 10:04:42 PM client.Client clientAccessRingORAM
INFO: Eviction Complete
Mar 30, 2016 10:04:42 PM client.Client clientAccessRingORAM
INFO: Access Complete
Mar 30, 2016 10:04:42 PM client.Client clientAccessRingORAM
INFO: Starting access for block ID-7
Mar 30, 2016 10:04:42 PM client.Client clientAccessRingORAM
INFO: Pinging Server
Mar 30, 2016 10:04:42 PM client.Client clientAccessRingORAM
INFO: Response from Server received
Mar 30, 2016 10:04:42 PM client.Client clientAccessRingORAM
INFO: Get PM entry
Mar 30, 2016 10:04:42 PM client.Client clientAccessRingORAM
INFO: Retrieved PM entry
Mar 30, 2016 10:04:42 PM client.Client clientAccessRingORAM
INFO: Get MetaData
Mar 30, 2016 10:04:42 PM client.Client clientAccessRingORAM
INFO: Retrieved MetaData
Mar 30, 2016 10:04:42 PM client.Client clientAccessRingORAM
INFO: Get Blocks and stash
Mar 30, 2016 10:04:42 PM client.Client clientAccessRingORAM
INFO: Blocks and stash Retrieved
Mar 30, 2016 10:04:42 PM client.Client clientAccessRingORAM
INFO: Required item found in Path/Stash
Mar 30, 2016 10:04:42 PM client.Client clientAccessRingORAM
INFO: Writing back block
Mar 30, 2016 10:04:42 PM client.Client clientAccessRingORAM
INFO: Get Result Log
Mar 30, 2016 10:04:42 PM client.Client clientAccessRingORAM
INFO: Result Log Retrieved
Mar 30, 2016 10:04:43 PM client.Client clientAccessRingORAM
INFO: Access Complete
Mar 30, 2016 10:04:43 PM client.Client clientAccessRingORAM
INFO: Starting access for block ID-7
Mar 30, 2016 10:04:43 PM client.Client clientAccessRingORAM
INFO: Pinging Server
Mar 30, 2016 10:04:43 PM client.Client clientAccessRingORAM
INFO: Response from Server received
Mar 30, 2016 10:04:43 PM client.Client clientAccessRingORAM
INFO: Get PM entry
Mar 30, 2016 10:04:43 PM client.Client clientAccessRingORAM
INFO: Retrieved PM entry
Mar 30, 2016 10:04:43 PM client.Client clientAccessRingORAM
INFO: Get MetaData
Mar 30, 2016 10:04:43 PM client.Client clientAccessRingORAM
INFO: Retrieved MetaData
Mar 30, 2016 10:04:43 PM client.Client clientAccessRingORAM
INFO: Get Blocks and stash
Mar 30, 2016 10:04:43 PM client.Client clientAccessRingORAM
INFO: Blocks and stash Retrieved
Mar 30, 2016 10:04:43 PM client.Client clientAccessRingORAM
INFO: Required item found in Path/Stash
Mar 30, 2016 10:04:43 PM client.Client clientAccessRingORAM
INFO: Writing back block
Mar 30, 2016 10:04:43 PM client.Client clientAccessRingORAM
INFO: Get Result Log
Mar 30, 2016 10:04:43 PM client.Client clientAccessRingORAM
INFO: Result Log Retrieved
Mar 30, 2016 10:04:43 PM client.Client clientAccessRingORAM
INFO: Access Complete
Mar 30, 2016 10:04:43 PM client.Client clientAccessRingORAM
INFO: Starting access for block ID-0
Mar 30, 2016 10:04:43 PM client.Client clientAccessRingORAM
INFO: Pinging Server
Mar 30, 2016 10:04:43 PM client.Client clientAccessRingORAM
INFO: Response from Server received
Mar 30, 2016 10:04:43 PM client.Client clientAccessRingORAM
INFO: Get PM entry
Mar 30, 2016 10:04:43 PM client.Client clientAccessRingORAM
INFO: Retrieved PM entry
Mar 30, 2016 10:04:43 PM client.Client clientAccessRingORAM
INFO: Get MetaData
Mar 30, 2016 10:04:43 PM client.Client clientAccessRingORAM
INFO: Retrieved MetaData
Mar 30, 2016 10:04:43 PM client.Client clientAccessRingORAM
INFO: Get Blocks and stash
Mar 30, 2016 10:04:43 PM client.Client clientAccessRingORAM
INFO: Blocks and stash Retrieved
Mar 30, 2016 10:04:43 PM client.Client clientAccessRingORAM
INFO: Required item found in Path/Stash
Mar 30, 2016 10:04:43 PM client.Client clientAccessRingORAM
INFO: Writing back block
Mar 30, 2016 10:04:43 PM client.Client clientAccessRingORAM
INFO: Get Result Log
Mar 30, 2016 10:04:43 PM client.Client clientAccessRingORAM
INFO: Result Log Retrieved
Mar 30, 2016 10:04:43 PM client.Client clientAccessRingORAM
INFO: Access Complete
Mar 30, 2016 10:04:43 PM client.Client clientAccessRingORAM
INFO: Starting access for block ID-6
Mar 30, 2016 10:04:43 PM client.Client clientAccessRingORAM
INFO: Pinging Server
Mar 30, 2016 10:04:43 PM client.Client clientAccessRingORAM
INFO: Response from Server received
Mar 30, 2016 10:04:43 PM client.Client clientAccessRingORAM
INFO: Get PM entry
Mar 30, 2016 10:04:43 PM client.Client clientAccessRingORAM
INFO: Retrieved PM entry
Mar 30, 2016 10:04:43 PM client.Client clientAccessRingORAM
INFO: Get MetaData
Mar 30, 2016 10:04:44 PM client.Client clientAccessRingORAM
INFO: Retrieved MetaData
Mar 30, 2016 10:04:44 PM client.Client clientAccessRingORAM
INFO: Get Blocks and stash
Mar 30, 2016 10:04:44 PM client.Client clientAccessRingORAM
INFO: Blocks and stash Retrieved
Mar 30, 2016 10:04:44 PM client.Client clientAccessRingORAM
INFO: Required item found in Path/Stash
Mar 30, 2016 10:04:44 PM client.Client clientAccessRingORAM
INFO: Writing back block
Mar 30, 2016 10:04:44 PM client.Client clientAccessRingORAM
INFO: Get Result Log
Mar 30, 2016 10:04:44 PM client.Client clientAccessRingORAM
INFO: Result Log Retrieved
Mar 30, 2016 10:04:44 PM client.Client clientAccessRingORAM
INFO: Eviction round
Mar 30, 2016 10:04:44 PM client.Client clientAccessRingORAM
INFO: Eviction Complete
Mar 30, 2016 10:04:44 PM client.Client clientAccessRingORAM
INFO: Access Complete
Mar 30, 2016 10:04:44 PM client.Client clientAccessRingORAM
INFO: Starting access for block ID-7
Mar 30, 2016 10:04:44 PM client.Client clientAccessRingORAM
INFO: Pinging Server
Mar 30, 2016 10:04:44 PM client.Client clientAccessRingORAM
INFO: Response from Server received
Mar 30, 2016 10:04:44 PM client.Client clientAccessRingORAM
INFO: Get PM entry
Mar 30, 2016 10:04:44 PM client.Client clientAccessRingORAM
INFO: Retrieved PM entry
Mar 30, 2016 10:04:44 PM client.Client clientAccessRingORAM
INFO: Get MetaData
Mar 30, 2016 10:04:44 PM client.Client clientAccessRingORAM
INFO: Retrieved MetaData
Mar 30, 2016 10:04:44 PM client.Client clientAccessRingORAM
INFO: Get Blocks and stash
Mar 30, 2016 10:04:44 PM client.Client clientAccessRingORAM
INFO: Blocks and stash Retrieved
Mar 30, 2016 10:04:44 PM client.Client clientAccessRingORAM
INFO: Required item found in Path/Stash
Mar 30, 2016 10:04:44 PM client.Client clientAccessRingORAM
INFO: Writing back block
Mar 30, 2016 10:04:44 PM client.Client clientAccessRingORAM
INFO: Get Result Log
Mar 30, 2016 10:04:44 PM client.Client clientAccessRingORAM
INFO: Result Log Retrieved
Mar 30, 2016 10:04:44 PM client.Client clientAccessRingORAM
INFO: Access Complete
Mar 30, 2016 10:04:44 PM client.Client clientAccessRingORAM
INFO: Starting access for block ID-4
Mar 30, 2016 10:04:44 PM client.Client clientAccessRingORAM
INFO: Pinging Server
Mar 30, 2016 10:04:44 PM client.Client clientAccessRingORAM
INFO: Response from Server received
Mar 30, 2016 10:04:44 PM client.Client clientAccessRingORAM
INFO: Get PM entry
Mar 30, 2016 10:04:44 PM client.Client clientAccessRingORAM
INFO: Retrieved PM entry
Mar 30, 2016 10:04:44 PM client.Client clientAccessRingORAM
INFO: Get MetaData
Mar 30, 2016 10:04:44 PM client.Client clientAccessRingORAM
INFO: Retrieved MetaData
Mar 30, 2016 10:04:44 PM client.Client clientAccessRingORAM
INFO: Get Blocks and stash
Mar 30, 2016 10:04:45 PM client.Client clientAccessRingORAM
INFO: Blocks and stash Retrieved
Mar 30, 2016 10:04:45 PM client.Client clientAccessRingORAM
INFO: Required item found in Path/Stash
Mar 30, 2016 10:04:45 PM client.Client clientAccessRingORAM
INFO: Writing back block
Mar 30, 2016 10:04:45 PM client.Client clientAccessRingORAM
INFO: Get Result Log
Mar 30, 2016 10:04:45 PM client.Client clientAccessRingORAM
INFO: Result Log Retrieved
Mar 30, 2016 10:04:45 PM client.Client clientAccessRingORAM
INFO: Access Complete
Mar 30, 2016 10:04:45 PM client.Client clientAccessRingORAM
INFO: Starting access for block ID-7
Mar 30, 2016 10:04:45 PM client.Client clientAccessRingORAM
INFO: Pinging Server
Mar 30, 2016 10:04:45 PM client.Client clientAccessRingORAM
INFO: Response from Server received
Mar 30, 2016 10:04:45 PM client.Client clientAccessRingORAM
INFO: Get PM entry
Mar 30, 2016 10:04:45 PM client.Client clientAccessRingORAM
INFO: Retrieved PM entry
Mar 30, 2016 10:04:45 PM client.Client clientAccessRingORAM
INFO: Get MetaData
Mar 30, 2016 10:04:45 PM client.Client clientAccessRingORAM
INFO: Retrieved MetaData
Mar 30, 2016 10:04:45 PM client.Client clientAccessRingORAM
INFO: Get Blocks and stash
Mar 30, 2016 10:04:45 PM client.Client clientAccessRingORAM
INFO: Blocks and stash Retrieved
Mar 30, 2016 10:04:45 PM client.Client clientAccessRingORAM
INFO: Required item found in Path/Stash
Mar 30, 2016 10:04:45 PM client.Client clientAccessRingORAM
INFO: Writing back block
Mar 30, 2016 10:04:45 PM client.Client clientAccessRingORAM
INFO: Get Result Log
Mar 30, 2016 10:04:45 PM client.Client clientAccessRingORAM
INFO: Result Log Retrieved
Mar 30, 2016 10:04:45 PM client.Client clientAccessRingORAM
INFO: Access Complete
Mar 30, 2016 10:04:45 PM client.Client clientAccessRingORAM
INFO: Starting access for block ID-0
Mar 30, 2016 10:04:45 PM client.Client clientAccessRingORAM
INFO: Pinging Server
Mar 30, 2016 10:04:45 PM client.Client clientAccessRingORAM
INFO: Response from Server received
Mar 30, 2016 10:04:45 PM client.Client clientAccessRingORAM
INFO: Get PM entry
Mar 30, 2016 10:04:45 PM client.Client clientAccessRingORAM
INFO: Retrieved PM entry
Mar 30, 2016 10:04:45 PM client.Client clientAccessRingORAM
INFO: Get MetaData
Mar 30, 2016 10:04:45 PM client.Client clientAccessRingORAM
INFO: Retrieved MetaData
Mar 30, 2016 10:04:45 PM client.Client clientAccessRingORAM
INFO: Get Blocks and stash
Mar 30, 2016 10:04:45 PM client.Client clientAccessRingORAM
INFO: Blocks and stash Retrieved
Mar 30, 2016 10:04:45 PM client.Client clientAccessRingORAM
INFO: Required item found in Path/Stash
Mar 30, 2016 10:04:45 PM client.Client clientAccessRingORAM
INFO: Writing back block
Mar 30, 2016 10:04:45 PM client.Client clientAccessRingORAM
INFO: Get Result Log
Mar 30, 2016 10:04:45 PM client.Client clientAccessRingORAM
INFO: Result Log Retrieved
Mar 30, 2016 10:04:46 PM client.Client clientAccessRingORAM
INFO: Eviction round
Mar 30, 2016 10:04:46 PM client.Client clientAccessRingORAM
INFO: Eviction Complete
Mar 30, 2016 10:04:46 PM client.Client clientAccessRingORAM
INFO: Access Complete
Mar 30, 2016 10:04:46 PM client.Client clientAccessRingORAM
INFO: Starting access for block ID-1
Mar 30, 2016 10:04:46 PM client.Client clientAccessRingORAM
INFO: Pinging Server
Mar 30, 2016 10:04:46 PM client.Client clientAccessRingORAM
INFO: Response from Server received
Mar 30, 2016 10:04:46 PM client.Client clientAccessRingORAM
INFO: Get PM entry
Mar 30, 2016 10:04:46 PM client.Client clientAccessRingORAM
INFO: Retrieved PM entry
Mar 30, 2016 10:04:46 PM client.Client clientAccessRingORAM
INFO: Get MetaData
Mar 30, 2016 10:04:46 PM client.Client clientAccessRingORAM
INFO: Retrieved MetaData
Mar 30, 2016 10:04:46 PM client.Client clientAccessRingORAM
INFO: Get Blocks and stash
Mar 30, 2016 10:04:46 PM client.Client clientAccessRingORAM
INFO: Blocks and stash Retrieved
Mar 30, 2016 10:04:46 PM client.Client clientAccessRingORAM
INFO: Required item found in Path/Stash
Mar 30, 2016 10:04:46 PM client.Client clientAccessRingORAM
INFO: Writing back block
Mar 30, 2016 10:04:46 PM client.Client clientAccessRingORAM
INFO: Get Result Log
Mar 30, 2016 10:04:46 PM client.Client clientAccessRingORAM
INFO: Result Log Retrieved
Mar 30, 2016 10:04:46 PM client.Client clientAccessRingORAM
INFO: Access Complete
Mar 30, 2016 10:04:46 PM client.Client clientAccessRingORAM
INFO: Starting access for block ID-3
Mar 30, 2016 10:04:46 PM client.Client clientAccessRingORAM
INFO: Pinging Server
Mar 30, 2016 10:04:46 PM client.Client clientAccessRingORAM
INFO: Response from Server received
Mar 30, 2016 10:04:46 PM client.Client clientAccessRingORAM
INFO: Get PM entry
Mar 30, 2016 10:04:46 PM client.Client clientAccessRingORAM
INFO: Retrieved PM entry
Mar 30, 2016 10:04:46 PM client.Client clientAccessRingORAM
INFO: Get MetaData
Mar 30, 2016 10:04:46 PM client.Client clientAccessRingORAM
INFO: Retrieved MetaData
Mar 30, 2016 10:04:46 PM client.Client clientAccessRingORAM
INFO: Get Blocks and stash
Mar 30, 2016 10:04:46 PM client.Client clientAccessRingORAM
INFO: Blocks and stash Retrieved
Mar 30, 2016 10:04:46 PM client.Client clientAccessRingORAM
INFO: Required item found in Path/Stash
Mar 30, 2016 10:04:46 PM client.Client clientAccessRingORAM
INFO: Writing back block
Mar 30, 2016 10:04:46 PM client.Client clientAccessRingORAM
INFO: Get Result Log
Mar 30, 2016 10:04:46 PM client.Client clientAccessRingORAM
INFO: Result Log Retrieved
Mar 30, 2016 10:04:46 PM client.Client clientAccessRingORAM
INFO: Access Complete
Mar 30, 2016 10:04:46 PM client.Client clientAccessRingORAM
INFO: Starting access for block ID-6
Mar 30, 2016 10:04:46 PM client.Client clientAccessRingORAM
INFO: Pinging Server
Mar 30, 2016 10:04:47 PM client.Client clientAccessRingORAM
INFO: Response from Server received
Mar 30, 2016 10:04:47 PM client.Client clientAccessRingORAM
INFO: Get PM entry
Mar 30, 2016 10:04:47 PM client.Client clientAccessRingORAM
INFO: Retrieved PM entry
Mar 30, 2016 10:04:47 PM client.Client clientAccessRingORAM
INFO: Get MetaData
Mar 30, 2016 10:04:47 PM client.Client clientAccessRingORAM
INFO: Retrieved MetaData
Mar 30, 2016 10:04:47 PM client.Client clientAccessRingORAM
INFO: Get Blocks and stash
Mar 30, 2016 10:04:47 PM client.Client clientAccessRingORAM
INFO: Blocks and stash Retrieved
Mar 30, 2016 10:04:47 PM client.Client clientAccessRingORAM
INFO: Required item found in Path/Stash
Mar 30, 2016 10:04:47 PM client.Client clientAccessRingORAM
INFO: Writing back block
Mar 30, 2016 10:04:47 PM client.Client clientAccessRingORAM
INFO: Get Result Log
Mar 30, 2016 10:04:47 PM client.Client clientAccessRingORAM
INFO: Result Log Retrieved
Mar 30, 2016 10:04:47 PM client.Client clientAccessRingORAM
INFO: Access Complete
Mar 30, 2016 10:04:47 PM client.Client clientAccessRingORAM
INFO: Starting access for block ID-3
Mar 30, 2016 10:04:47 PM client.Client clientAccessRingORAM
INFO: Pinging Server
Mar 30, 2016 10:04:47 PM client.Client clientAccessRingORAM
INFO: Response from Server received
Mar 30, 2016 10:04:47 PM client.Client clientAccessRingORAM
INFO: Get PM entry
Mar 30, 2016 10:04:47 PM client.Client clientAccessRingORAM
INFO: Retrieved PM entry
Mar 30, 2016 10:04:47 PM client.Client clientAccessRingORAM
INFO: Get MetaData
Mar 30, 2016 10:04:47 PM client.Client clientAccessRingORAM
INFO: Retrieved MetaData
Mar 30, 2016 10:04:47 PM client.Client clientAccessRingORAM
INFO: Get Blocks and stash
Mar 30, 2016 10:04:47 PM client.Client clientAccessRingORAM
INFO: Blocks and stash Retrieved
Mar 30, 2016 10:04:47 PM client.Client clientAccessRingORAM
INFO: Required item found in Path/Stash
Mar 30, 2016 10:04:47 PM client.Client clientAccessRingORAM
INFO: Writing back block
Mar 30, 2016 10:04:47 PM client.Client clientAccessRingORAM
INFO: Get Result Log
Mar 30, 2016 10:04:47 PM client.Client clientAccessRingORAM
INFO: Result Log Retrieved
Mar 30, 2016 10:04:47 PM client.Client clientAccessRingORAM
INFO: Eviction round
Mar 30, 2016 10:04:47 PM client.Client clientAccessRingORAM
INFO: Eviction Complete
Mar 30, 2016 10:04:47 PM client.Client clientAccessRingORAM
INFO: Access Complete
Mar 30, 2016 10:04:47 PM client.Client clientAccessRingORAM
INFO: Starting access for block ID-2
Mar 30, 2016 10:04:47 PM client.Client clientAccessRingORAM
INFO: Pinging Server
Mar 30, 2016 10:04:48 PM client.Client clientAccessRingORAM
INFO: Response from Server received
Mar 30, 2016 10:04:48 PM client.Client clientAccessRingORAM
INFO: Get PM entry
Mar 30, 2016 10:04:48 PM client.Client clientAccessRingORAM
INFO: Retrieved PM entry
Mar 30, 2016 10:04:48 PM client.Client clientAccessRingORAM
INFO: Get MetaData
Mar 30, 2016 10:04:48 PM client.Client clientAccessRingORAM
INFO: Retrieved MetaData
Mar 30, 2016 10:04:48 PM client.Client clientAccessRingORAM
INFO: Get Blocks and stash
Mar 30, 2016 10:04:48 PM client.Client clientAccessRingORAM
INFO: Blocks and stash Retrieved
Mar 30, 2016 10:04:48 PM client.Client clientAccessRingORAM
INFO: Required item found in Path/Stash
Mar 30, 2016 10:04:48 PM client.Client clientAccessRingORAM
INFO: Writing back block
Mar 30, 2016 10:04:48 PM client.Client clientAccessRingORAM
INFO: Get Result Log
Mar 30, 2016 10:04:48 PM client.Client clientAccessRingORAM
INFO: Result Log Retrieved
Mar 30, 2016 10:04:48 PM client.Client clientAccessRingORAM
INFO: Access Complete
Mar 30, 2016 10:04:48 PM client.Client clientAccessRingORAM
INFO: Starting access for block ID-7
Mar 30, 2016 10:04:48 PM client.Client clientAccessRingORAM
INFO: Pinging Server
Mar 30, 2016 10:04:48 PM client.Client clientAccessRingORAM
INFO: Response from Server received
Mar 30, 2016 10:04:48 PM client.Client clientAccessRingORAM
INFO: Get PM entry
Mar 30, 2016 10:04:48 PM client.Client clientAccessRingORAM
INFO: Retrieved PM entry
Mar 30, 2016 10:04:48 PM client.Client clientAccessRingORAM
INFO: Get MetaData
Mar 30, 2016 10:04:48 PM client.Client clientAccessRingORAM
INFO: Retrieved MetaData
Mar 30, 2016 10:04:48 PM client.Client clientAccessRingORAM
INFO: Get Blocks and stash
Mar 30, 2016 10:04:48 PM client.Client clientAccessRingORAM
INFO: Blocks and stash Retrieved
Mar 30, 2016 10:04:48 PM client.Client clientAccessRingORAM
INFO: Required item found in Path/Stash
Mar 30, 2016 10:04:48 PM client.Client clientAccessRingORAM
INFO: Writing back block
Mar 30, 2016 10:04:48 PM client.Client clientAccessRingORAM
INFO: Get Result Log
Mar 30, 2016 10:04:48 PM client.Client clientAccessRingORAM
INFO: Result Log Retrieved
Mar 30, 2016 10:04:48 PM client.Client clientAccessRingORAM
INFO: Access Complete
Mar 30, 2016 10:04:48 PM client.Client clientAccessRingORAM
INFO: Starting access for block ID-1
Mar 30, 2016 10:04:48 PM client.Client clientAccessRingORAM
INFO: Pinging Server
Mar 30, 2016 10:04:48 PM client.Client clientAccessRingORAM
INFO: Response from Server received
Mar 30, 2016 10:04:48 PM client.Client clientAccessRingORAM
INFO: Get PM entry
Mar 30, 2016 10:04:48 PM client.Client clientAccessRingORAM
INFO: Retrieved PM entry
Mar 30, 2016 10:04:48 PM client.Client clientAccessRingORAM
INFO: Get MetaData
Mar 30, 2016 10:04:48 PM client.Client clientAccessRingORAM
INFO: Retrieved MetaData
Mar 30, 2016 10:04:48 PM client.Client clientAccessRingORAM
INFO: Get Blocks and stash
Mar 30, 2016 10:04:49 PM client.Client clientAccessRingORAM
INFO: Blocks and stash Retrieved
Mar 30, 2016 10:04:49 PM client.Client clientAccessRingORAM
INFO: Required item found in Path/Stash
Mar 30, 2016 10:04:49 PM client.Client clientAccessRingORAM
INFO: Writing back block
Mar 30, 2016 10:04:49 PM client.Client clientAccessRingORAM
INFO: Get Result Log
Mar 30, 2016 10:04:49 PM client.Client clientAccessRingORAM
INFO: Result Log Retrieved
Mar 30, 2016 10:04:49 PM client.Client clientAccessRingORAM
INFO: Access Complete
Mar 30, 2016 10:04:49 PM client.Client clientAccessRingORAM
INFO: Starting access for block ID-4
Mar 30, 2016 10:04:49 PM client.Client clientAccessRingORAM
INFO: Pinging Server
Mar 30, 2016 10:04:49 PM client.Client clientAccessRingORAM
INFO: Response from Server received
Mar 30, 2016 10:04:49 PM client.Client clientAccessRingORAM
INFO: Get PM entry
Mar 30, 2016 10:04:49 PM client.Client clientAccessRingORAM
INFO: Retrieved PM entry
Mar 30, 2016 10:04:49 PM client.Client clientAccessRingORAM
INFO: Get MetaData
Mar 30, 2016 10:04:49 PM client.Client clientAccessRingORAM
INFO: Retrieved MetaData
Mar 30, 2016 10:04:49 PM client.Client clientAccessRingORAM
INFO: Get Blocks and stash
Mar 30, 2016 10:04:49 PM client.Client clientAccessRingORAM
INFO: Blocks and stash Retrieved
Mar 30, 2016 10:04:49 PM client.Client clientAccessRingORAM
INFO: Required item found in Path/Stash
Mar 30, 2016 10:04:49 PM client.Client clientAccessRingORAM
INFO: Writing back block
Mar 30, 2016 10:04:49 PM client.Client clientAccessRingORAM
INFO: Get Result Log
Mar 30, 2016 10:04:49 PM client.Client clientAccessRingORAM
INFO: Result Log Retrieved
Mar 30, 2016 10:04:49 PM client.Client clientAccessRingORAM
INFO: Eviction round
Mar 30, 2016 10:04:49 PM client.Client clientAccessRingORAM
INFO: Eviction Complete
Mar 30, 2016 10:04:49 PM client.Client clientAccessRingORAM
INFO: Access Complete
Mar 30, 2016 10:04:49 PM client.Client clientAccessRingORAM
INFO: Starting access for block ID-1
Mar 30, 2016 10:04:49 PM client.Client clientAccessRingORAM
INFO: Pinging Server
Mar 30, 2016 10:04:49 PM client.Client clientAccessRingORAM
INFO: Response from Server received
Mar 30, 2016 10:04:49 PM client.Client clientAccessRingORAM
INFO: Get PM entry
Mar 30, 2016 10:04:49 PM client.Client clientAccessRingORAM
INFO: Retrieved PM entry
Mar 30, 2016 10:04:49 PM client.Client clientAccessRingORAM
INFO: Get MetaData
Mar 30, 2016 10:04:49 PM client.Client clientAccessRingORAM
INFO: Retrieved MetaData
Mar 30, 2016 10:04:49 PM client.Client clientAccessRingORAM
INFO: Get Blocks and stash
Mar 30, 2016 10:04:49 PM client.Client clientAccessRingORAM
INFO: Blocks and stash Retrieved
Mar 30, 2016 10:04:49 PM client.Client clientAccessRingORAM
INFO: Required item found in Path/Stash
Mar 30, 2016 10:04:49 PM client.Client clientAccessRingORAM
INFO: Writing back block
Mar 30, 2016 10:04:49 PM client.Client clientAccessRingORAM
INFO: Get Result Log
Mar 30, 2016 10:04:50 PM client.Client clientAccessRingORAM
INFO: Result Log Retrieved
Mar 30, 2016 10:04:50 PM client.Client clientAccessRingORAM
INFO: Access Complete
Mar 30, 2016 10:04:50 PM client.Client clientAccessRingORAM
INFO: Starting access for block ID-2
Mar 30, 2016 10:04:50 PM client.Client clientAccessRingORAM
INFO: Pinging Server
Mar 30, 2016 10:04:50 PM client.Client clientAccessRingORAM
INFO: Response from Server received
Mar 30, 2016 10:04:50 PM client.Client clientAccessRingORAM
INFO: Get PM entry
Mar 30, 2016 10:04:50 PM client.Client clientAccessRingORAM
INFO: Retrieved PM entry
Mar 30, 2016 10:04:50 PM client.Client clientAccessRingORAM
INFO: Get MetaData
Mar 30, 2016 10:04:50 PM client.Client clientAccessRingORAM
INFO: Retrieved MetaData
Mar 30, 2016 10:04:50 PM client.Client clientAccessRingORAM
INFO: Get Blocks and stash
Mar 30, 2016 10:04:50 PM client.Client clientAccessRingORAM
INFO: Blocks and stash Retrieved
Mar 30, 2016 10:04:50 PM client.Client clientAccessRingORAM
INFO: Required item found in Path/Stash
Mar 30, 2016 10:04:50 PM client.Client clientAccessRingORAM
INFO: Writing back block
Mar 30, 2016 10:04:50 PM client.Client clientAccessRingORAM
INFO: Get Result Log
Mar 30, 2016 10:04:50 PM client.Client clientAccessRingORAM
INFO: Result Log Retrieved
Mar 30, 2016 10:04:50 PM client.Client clientAccessRingORAM
INFO: Access Complete
Mar 30, 2016 10:04:50 PM client.Client clientAccessRingORAM
INFO: Starting access for block ID-0
Mar 30, 2016 10:04:50 PM client.Client clientAccessRingORAM
INFO: Pinging Server
Mar 30, 2016 10:04:50 PM client.Client clientAccessRingORAM
INFO: Response from Server received
Mar 30, 2016 10:04:50 PM client.Client clientAccessRingORAM
INFO: Get PM entry
Mar 30, 2016 10:04:50 PM client.Client clientAccessRingORAM
INFO: Retrieved PM entry
Mar 30, 2016 10:04:50 PM client.Client clientAccessRingORAM
INFO: Get MetaData
Mar 30, 2016 10:04:50 PM client.Client clientAccessRingORAM
INFO: Retrieved MetaData
Mar 30, 2016 10:04:50 PM client.Client clientAccessRingORAM
INFO: Get Blocks and stash
Mar 30, 2016 10:04:50 PM client.Client clientAccessRingORAM
INFO: Blocks and stash Retrieved
Mar 30, 2016 10:04:50 PM client.Client clientAccessRingORAM
INFO: Required item found in Path/Stash
Mar 30, 2016 10:04:50 PM client.Client clientAccessRingORAM
INFO: Writing back block
Mar 30, 2016 10:04:50 PM client.Client clientAccessRingORAM
INFO: Get Result Log
Mar 30, 2016 10:04:50 PM client.Client clientAccessRingORAM
INFO: Result Log Retrieved
Mar 30, 2016 10:04:50 PM client.Client clientAccessRingORAM
INFO: Access Complete
Mar 30, 2016 10:04:50 PM client.Client clientAccessRingORAM
INFO: Starting access for block ID-2
Mar 30, 2016 10:04:50 PM client.Client clientAccessRingORAM
INFO: Pinging Server
Mar 30, 2016 10:04:51 PM client.Client clientAccessRingORAM
INFO: Response from Server received
Mar 30, 2016 10:04:51 PM client.Client clientAccessRingORAM
INFO: Get PM entry
Mar 30, 2016 10:04:51 PM client.Client clientAccessRingORAM
INFO: Retrieved PM entry
Mar 30, 2016 10:04:51 PM client.Client clientAccessRingORAM
INFO: Get MetaData
Mar 30, 2016 10:04:51 PM client.Client clientAccessRingORAM
INFO: Retrieved MetaData
Mar 30, 2016 10:04:51 PM client.Client clientAccessRingORAM
INFO: Get Blocks and stash
Mar 30, 2016 10:04:51 PM client.Client clientAccessRingORAM
INFO: Blocks and stash Retrieved
Mar 30, 2016 10:04:51 PM client.Client clientAccessRingORAM
INFO: Required item found in Path/Stash
Mar 30, 2016 10:04:51 PM client.Client clientAccessRingORAM
INFO: Writing back block
Mar 30, 2016 10:04:51 PM client.Client clientAccessRingORAM
INFO: Get Result Log
Mar 30, 2016 10:04:51 PM client.Client clientAccessRingORAM
INFO: Result Log Retrieved
Mar 30, 2016 10:04:51 PM client.Client clientAccessRingORAM
INFO: Eviction round
Mar 30, 2016 10:04:51 PM client.Client clientAccessRingORAM
INFO: Eviction Complete
Mar 30, 2016 10:04:51 PM client.Client clientAccessRingORAM
INFO: Access Complete
Mar 30, 2016 10:04:51 PM client.Client clientAccessRingORAM
INFO: Starting access for block ID-5
Mar 30, 2016 10:04:51 PM client.Client clientAccessRingORAM
INFO: Pinging Server
Mar 30, 2016 10:04:51 PM client.Client clientAccessRingORAM
INFO: Response from Server received
Mar 30, 2016 10:04:51 PM client.Client clientAccessRingORAM
INFO: Get PM entry
Mar 30, 2016 10:04:51 PM client.Client clientAccessRingORAM
INFO: Retrieved PM entry
Mar 30, 2016 10:04:51 PM client.Client clientAccessRingORAM
INFO: Get MetaData
Mar 30, 2016 10:04:51 PM client.Client clientAccessRingORAM
INFO: Retrieved MetaData
Mar 30, 2016 10:04:51 PM client.Client clientAccessRingORAM
INFO: Get Blocks and stash
Mar 30, 2016 10:04:51 PM client.Client clientAccessRingORAM
INFO: Blocks and stash Retrieved
Mar 30, 2016 10:04:51 PM client.Client clientAccessRingORAM
INFO: Required item found in Path/Stash
Mar 30, 2016 10:04:51 PM client.Client clientAccessRingORAM
INFO: Writing back block
Mar 30, 2016 10:04:51 PM client.Client clientAccessRingORAM
INFO: Get Result Log
Mar 30, 2016 10:04:51 PM client.Client clientAccessRingORAM
INFO: Result Log Retrieved
Mar 30, 2016 10:04:51 PM client.Client clientAccessRingORAM
INFO: Access Complete
Mar 30, 2016 10:04:51 PM client.Client clientAccessRingORAM
INFO: Starting access for block ID-5
Mar 30, 2016 10:04:51 PM client.Client clientAccessRingORAM
INFO: Pinging Server
Mar 30, 2016 10:04:51 PM client.Client clientAccessRingORAM
INFO: Response from Server received
Mar 30, 2016 10:04:51 PM client.Client clientAccessRingORAM
INFO: Get PM entry
Mar 30, 2016 10:04:51 PM client.Client clientAccessRingORAM
INFO: Retrieved PM entry
Mar 30, 2016 10:04:51 PM client.Client clientAccessRingORAM
INFO: Get MetaData
Mar 30, 2016 10:04:52 PM client.Client clientAccessRingORAM
INFO: Retrieved MetaData
Mar 30, 2016 10:04:52 PM client.Client clientAccessRingORAM
INFO: Get Blocks and stash
Mar 30, 2016 10:04:52 PM client.Client clientAccessRingORAM
INFO: Blocks and stash Retrieved
Mar 30, 2016 10:04:52 PM client.Client clientAccessRingORAM
INFO: Required item found in Path/Stash
Mar 30, 2016 10:04:52 PM client.Client clientAccessRingORAM
INFO: Writing back block
Mar 30, 2016 10:04:52 PM client.Client clientAccessRingORAM
INFO: Get Result Log
Mar 30, 2016 10:04:52 PM client.Client clientAccessRingORAM
INFO: Result Log Retrieved
Mar 30, 2016 10:04:52 PM client.Client clientAccessRingORAM
INFO: Access Complete
Mar 30, 2016 10:04:52 PM client.Client clientAccessRingORAM
INFO: Starting access for block ID-0
Mar 30, 2016 10:04:52 PM client.Client clientAccessRingORAM
INFO: Pinging Server
Mar 30, 2016 10:04:52 PM client.Client clientAccessRingORAM
INFO: Response from Server received
Mar 30, 2016 10:04:52 PM client.Client clientAccessRingORAM
INFO: Get PM entry
Mar 30, 2016 10:04:52 PM client.Client clientAccessRingORAM
INFO: Retrieved PM entry
Mar 30, 2016 10:04:52 PM client.Client clientAccessRingORAM
INFO: Get MetaData
Mar 30, 2016 10:04:52 PM client.Client clientAccessRingORAM
INFO: Retrieved MetaData
Mar 30, 2016 10:04:52 PM client.Client clientAccessRingORAM
INFO: Get Blocks and stash
Mar 30, 2016 10:04:52 PM client.Client clientAccessRingORAM
INFO: Blocks and stash Retrieved
Mar 30, 2016 10:04:52 PM client.Client clientAccessRingORAM
INFO: Required item found in Path/Stash
Mar 30, 2016 10:04:52 PM client.Client clientAccessRingORAM
INFO: Writing back block
Mar 30, 2016 10:04:52 PM client.Client clientAccessRingORAM
INFO: Get Result Log
Mar 30, 2016 10:04:52 PM client.Client clientAccessRingORAM
INFO: Result Log Retrieved
Mar 30, 2016 10:04:52 PM client.Client clientAccessRingORAM
INFO: Access Complete
Mar 30, 2016 10:04:52 PM client.Client clientAccessRingORAM
INFO: Starting access for block ID-1
Mar 30, 2016 10:04:52 PM client.Client clientAccessRingORAM
INFO: Pinging Server
Mar 30, 2016 10:04:52 PM client.Client clientAccessRingORAM
INFO: Response from Server received
Mar 30, 2016 10:04:52 PM client.Client clientAccessRingORAM
INFO: Get PM entry
Mar 30, 2016 10:04:52 PM client.Client clientAccessRingORAM
INFO: Retrieved PM entry
Mar 30, 2016 10:04:52 PM client.Client clientAccessRingORAM
INFO: Get MetaData
Mar 30, 2016 10:04:52 PM client.Client clientAccessRingORAM
INFO: Retrieved MetaData
Mar 30, 2016 10:04:52 PM client.Client clientAccessRingORAM
INFO: Get Blocks and stash
Mar 30, 2016 10:04:52 PM client.Client clientAccessRingORAM
INFO: Blocks and stash Retrieved
Mar 30, 2016 10:04:52 PM client.Client clientAccessRingORAM
INFO: Required item found in Path/Stash
Mar 30, 2016 10:04:52 PM client.Client clientAccessRingORAM
INFO: Writing back block
Mar 30, 2016 10:04:52 PM client.Client clientAccessRingORAM
INFO: Get Result Log
Mar 30, 2016 10:04:53 PM client.Client clientAccessRingORAM
INFO: Result Log Retrieved
Mar 30, 2016 10:04:53 PM client.Client clientAccessRingORAM
INFO: Eviction round
Mar 30, 2016 10:04:53 PM client.Client clientAccessRingORAM
INFO: Eviction Complete
Mar 30, 2016 10:04:53 PM client.Client clientAccessRingORAM
INFO: Access Complete
Mar 30, 2016 10:04:53 PM client.Client clientAccessRingORAM
INFO: Starting access for block ID-7
Mar 30, 2016 10:04:53 PM client.Client clientAccessRingORAM
INFO: Pinging Server
Mar 30, 2016 10:04:53 PM client.Client clientAccessRingORAM
INFO: Response from Server received
Mar 30, 2016 10:04:53 PM client.Client clientAccessRingORAM
INFO: Get PM entry
Mar 30, 2016 10:04:53 PM client.Client clientAccessRingORAM
INFO: Retrieved PM entry
Mar 30, 2016 10:04:53 PM client.Client clientAccessRingORAM
INFO: Get MetaData
Mar 30, 2016 10:04:53 PM client.Client clientAccessRingORAM
INFO: Retrieved MetaData
Mar 30, 2016 10:04:53 PM client.Client clientAccessRingORAM
INFO: Get Blocks and stash
Mar 30, 2016 10:04:53 PM client.Client clientAccessRingORAM
INFO: Blocks and stash Retrieved
Mar 30, 2016 10:04:53 PM client.Client clientAccessRingORAM
INFO: Required item found in Path/Stash
Mar 30, 2016 10:04:53 PM client.Client clientAccessRingORAM
INFO: Writing back block
Mar 30, 2016 10:04:53 PM client.Client clientAccessRingORAM
INFO: Get Result Log
Mar 30, 2016 10:04:53 PM client.Client clientAccessRingORAM
INFO: Result Log Retrieved
Mar 30, 2016 10:04:53 PM client.Client clientAccessRingORAM
INFO: Access Complete
Mar 30, 2016 10:04:53 PM client.Client clientAccessRingORAM
INFO: Starting access for block ID-7
Mar 30, 2016 10:04:53 PM client.Client clientAccessRingORAM
INFO: Pinging Server
Mar 30, 2016 10:04:53 PM client.Client clientAccessRingORAM
INFO: Response from Server received
Mar 30, 2016 10:04:53 PM client.Client clientAccessRingORAM
INFO: Get PM entry
Mar 30, 2016 10:04:53 PM client.Client clientAccessRingORAM
INFO: Retrieved PM entry
Mar 30, 2016 10:04:53 PM client.Client clientAccessRingORAM
INFO: Get MetaData
Mar 30, 2016 10:04:53 PM client.Client clientAccessRingORAM
INFO: Retrieved MetaData
Mar 30, 2016 10:04:53 PM client.Client clientAccessRingORAM
INFO: Get Blocks and stash
Mar 30, 2016 10:04:53 PM client.Client clientAccessRingORAM
INFO: Blocks and stash Retrieved
Mar 30, 2016 10:04:53 PM client.Client clientAccessRingORAM
INFO: Required item found in Path/Stash
Mar 30, 2016 10:04:53 PM client.Client clientAccessRingORAM
INFO: Writing back block
Mar 30, 2016 10:04:53 PM client.Client clientAccessRingORAM
INFO: Get Result Log
Mar 30, 2016 10:04:53 PM client.Client clientAccessRingORAM
INFO: Result Log Retrieved
Mar 30, 2016 10:04:54 PM client.Client clientAccessRingORAM
INFO: Access Complete
Mar 30, 2016 10:04:54 PM client.Client clientAccessRingORAM
INFO: Starting access for block ID-6
Mar 30, 2016 10:04:54 PM client.Client clientAccessRingORAM
INFO: Pinging Server
Mar 30, 2016 10:04:54 PM client.Client clientAccessRingORAM
INFO: Response from Server received
Mar 30, 2016 10:04:54 PM client.Client clientAccessRingORAM
INFO: Get PM entry
Mar 30, 2016 10:04:54 PM client.Client clientAccessRingORAM
INFO: Retrieved PM entry
Mar 30, 2016 10:04:54 PM client.Client clientAccessRingORAM
INFO: Get MetaData
Mar 30, 2016 10:04:54 PM client.Client clientAccessRingORAM
INFO: Retrieved MetaData
Mar 30, 2016 10:04:54 PM client.Client clientAccessRingORAM
INFO: Get Blocks and stash
Mar 30, 2016 10:04:54 PM client.Client clientAccessRingORAM
INFO: Blocks and stash Retrieved
Mar 30, 2016 10:04:54 PM client.Client clientAccessRingORAM
INFO: Required item found in Path/Stash
Mar 30, 2016 10:04:54 PM client.Client clientAccessRingORAM
INFO: Writing back block
Mar 30, 2016 10:04:54 PM client.Client clientAccessRingORAM
INFO: Get Result Log
Mar 30, 2016 10:04:54 PM client.Client clientAccessRingORAM
INFO: Result Log Retrieved
Mar 30, 2016 10:04:54 PM client.Client clientAccessRingORAM
INFO: Access Complete
Mar 30, 2016 10:04:54 PM client.Client clientAccessRingORAM
INFO: Starting access for block ID-6
Mar 30, 2016 10:04:54 PM client.Client clientAccessRingORAM
INFO: Pinging Server
Mar 30, 2016 10:04:54 PM client.Client clientAccessRingORAM
INFO: Response from Server received
Mar 30, 2016 10:04:54 PM client.Client clientAccessRingORAM
INFO: Get PM entry
Mar 30, 2016 10:04:54 PM client.Client clientAccessRingORAM
INFO: Retrieved PM entry
Mar 30, 2016 10:04:54 PM client.Client clientAccessRingORAM
INFO: Get MetaData
Mar 30, 2016 10:04:54 PM client.Client clientAccessRingORAM
INFO: Retrieved MetaData
Mar 30, 2016 10:04:54 PM client.Client clientAccessRingORAM
INFO: Get Blocks and stash
Mar 30, 2016 10:04:54 PM client.Client clientAccessRingORAM
INFO: Blocks and stash Retrieved
Mar 30, 2016 10:04:54 PM client.Client clientAccessRingORAM
INFO: Required item found in Path/Stash
Mar 30, 2016 10:04:54 PM client.Client clientAccessRingORAM
INFO: Writing back block
Mar 30, 2016 10:04:54 PM client.Client clientAccessRingORAM
INFO: Get Result Log
Mar 30, 2016 10:04:54 PM client.Client clientAccessRingORAM
INFO: Result Log Retrieved
Mar 30, 2016 10:04:54 PM client.Client clientAccessRingORAM
INFO: Eviction round
Mar 30, 2016 10:04:55 PM client.Client clientAccessRingORAM
INFO: Eviction Complete
Mar 30, 2016 10:04:55 PM client.Client clientAccessRingORAM
INFO: Access Complete
Mar 30, 2016 10:04:55 PM client.Client clientAccessRingORAM
INFO: Starting access for block ID-0
Mar 30, 2016 10:04:55 PM client.Client clientAccessRingORAM
INFO: Pinging Server
Mar 30, 2016 10:04:55 PM client.Client clientAccessRingORAM
INFO: Response from Server received
Mar 30, 2016 10:04:55 PM client.Client clientAccessRingORAM
INFO: Get PM entry
Mar 30, 2016 10:04:55 PM client.Client clientAccessRingORAM
INFO: Retrieved PM entry
Mar 30, 2016 10:04:55 PM client.Client clientAccessRingORAM
INFO: Get MetaData
Mar 30, 2016 10:04:55 PM client.Client clientAccessRingORAM
INFO: Retrieved MetaData
Mar 30, 2016 10:04:55 PM client.Client clientAccessRingORAM
INFO: Get Blocks and stash
